All in one god goddess aarti/app/build/outputs/mapping/release/seeds.txt
com.pritesh.all.in.one.god.goddess.allinoneaarti.Activity.HomeActivity: HomeActivity()
com.pritesh.all.in.one.god.goddess.allinoneaarti.Player.BaseActivity
com.pritesh.all.in.one.god.goddess.allinoneaarti.Activity.LikeActivity: LikeActivity()
com.pritesh.all.in.one.god.goddess.allinoneaarti.Player.MediaPlayerService: MediaPlayerService()
com.pritesh.all.in.one.god.goddess.allinoneaarti.Activity.SplashActivity: SplashActivity()
com.pritesh.all.in.one.god.goddess.allinoneaarti.Player.MediaPlayerService
com.pritesh.all.in.one.god.goddess.allinoneaarti.Activity.SplashActivity
com.pritesh.all.in.one.god.goddess.allinoneaarti.Player.PlayerAndViewActivity: PlayerAndViewActivity()
com.pritesh.all.in.one.god.goddess.allinoneaarti.Fcm.MyFirebaseMessagingService: MyFirebaseMessagingService()
com.pritesh.all.in.one.god.goddess.allinoneaarti.Activity.HomeActivity
com.pritesh.all.in.one.god.goddess.allinoneaarti.Activity.MainActivity
com.pritesh.all.in.one.god.goddess.allinoneaarti.Fcm.MyFirebaseMessagingService
com.pritesh.all.in.one.god.goddess.allinoneaarti.Activity.MainActivity: MainActivity()
com.pritesh.all.in.one.god.goddess.allinoneaarti.Player.PlayerAndViewActivity
com.pritesh.all.in.one.god.goddess.allinoneaarti.Activity.LikeActivity
...
androidx.appcompat.R$color: int background_material_light
androidx.appcompat.R$style: int Base_Widget_AppCompat_ProgressBar_Horizontal
androidx.appcompat.R$attr: int drawableLeftCompat
com.google.android.ads.nativetemplates.R$styleable: int AppCompatTheme_listPopupWindowStyle
com.google.android.gms.internal.measurement.zzcd$zzb: long zze
com.google.android.gms.common.api.GoogleApiActivity: GoogleApiActivity()
com.google.android.ads.nativetemplates.R$styleable: int AppCompatTheme_actionMenuTextAppearance
com.google.android.gms.internal.ads.zzdti: com.google.android.gms.internal.ads.zzdte zzhqx
androidx.cardview.R$attr: int contentPadding
com.google.android.ads.nativetemplates.R$styleable: int[] View
com.google.android.gms.internal.ads.zzue$zzd
androidx.appcompat.R$drawable: int abc_ic_arrow_drop_right_black_24dp
com.google.android.ads.nativetemplates.R$styleable: int SwitchCompat_switchPadding
androidx.appcompat.R$dimen: int abc_edit_text_inset_top_material
androidx.legacy.content.WakefulBroadcastReceiver: WakefulBroadcastReceiver()
com.google.android.gms.measurement.AppMeasurement$ConditionalUserProperty: java.lang.Object mValue
com.google.android.ads.nativetemplates.R$styleable: int ConstraintSet_layout_constraintRight_toRightOf
androidx.constraintlayout.widget.R$styleable: int ConstraintLayout_Layout_android_maxHeight
com.google.android.ads.nativetemplates.R$styleable: int AdsAttrs_adUnitId
com.google.android.gms.internal.measurement.zzck$zzb: java.lang.String zzd
androidx.appcompat.R$attr: int seekBarStyle
androidx.appcompat.R$styleable: int AppCompatTheme_panelBackground
com.google.android.gms.ads.reward.mediation.MediationRewardedVideoAdAdapter
com.google.android.gms.internal.ads.zzue$zzp: com.google.android.gms.internal.ads.zzue$zzp zzcen
androidx.appcompat.R$attr: int actionDropDownStyle
androidx.appcompat.R$style: int Theme_AppCompat_Light_Dialog
com.google.android.gms.internal.measurement.zzbv$zze: java.lang.String zze
androidx.appcompat.R$id: int src_in
com.google.android.gms.ads.search.SearchAdView: void setAdSize(com.google.android.gms.ads.AdSize)
androidx.appcompat.R$layout: int abc_screen_toolbar
com.google.android.play.core.missingsplits.PlayCoreMissingSplitsActivity: PlayCoreMissingSplitsActivity()
androidx.appcompat.R$styleable: int AppCompatTheme_toolbarStyle
androidx.appcompat.R$style: int Base_ThemeOverlay_AppCompat_Dark_ActionBar
androidx.appcompat.widget.AppCompatCheckBox: void setButtonDrawable(int)
androidx.appcompat.R$styleable: int AppCompatTheme_actionModeBackground
com.google.android.gms.internal.ads.zzeoe$zzb$zze: com.google.android.gms.internal.ads.zzekp zzivx
androidx.cardview.R$attr: int cardPreventCornerOverlap
com.google.android.gms.internal.ads.zzede: com.google.android.gms.internal.ads.zzedf zzibb
com.google.ads.mediation.customevent.CustomEventAdapter: void destroy()
com.google.android.ads.nativetemplates.R$styleable: int[] ActionMode
androidx.recyclerview.widget.RecyclerView: boolean getClipToPadding()
androidx.recyclerview.widget.RecyclerView: java.lang.CharSequence getAccessibilityClassName()
com.google.android.gms.internal.ads.zzcf$zza: long zzhw
com.google.android.gms.ads.AdFormat: com.google.android.gms.ads.AdFormat valueOf(java.lang.String)
androidx.appcompat.R$id: int list_item
androidx.recyclerview.R$styleable: int FontFamilyFont_android_fontVariationSettings
com.google.android.gms.internal.measurement.zzca$zzb: com.google.android.gms.internal.measurement.zzca$zzb zzm
androidx.appcompat.R$style: int Base_Widget_AppCompat_Light_ActionBar_TabBar
com.google.android.gms.internal.ads.zzcf$zza: long zzga
com.google.android.gms.internal.ads.zzue$zzn: int zzdt
androidx.vectordrawable.graphics.drawable.VectorDrawableCompat$VGroup: float getPivotY()
com.google.android.gms.internal.ads.zzcf$zza$zze: long zzko
com.google.android.gms.internal.ads.zzdti: com.google.android.gms.internal.ads.zzdti zzhqy
com.google.android.ads.nativetemplates.R$styleable: int Toolbar_titleMarginEnd