All in one god goddess aarti/app/build/outputs/mapping/release/usage.txt
com.pritesh.all.in.one.god.goddess.allinoneaarti.R$menu
com.pritesh.all.in.one.god.goddess.allinoneaarti.Utils.Helper:
    public void <init>()
com.pritesh.all.in.one.god.goddess.allinoneaarti.R$bool
com.pritesh.all.in.one.god.goddess.allinoneaarti.Player.MediaPlayerService$MediaPlayerServiceBinder:
    com.pritesh.all.in.one.god.goddess.allinoneaarti.Player.MediaPlayerService getService()
com.pritesh.all.in.one.god.goddess.allinoneaarti.Fcm.MyFirebaseMessagingService:
    public static final java.lang.String MY_PREFS_NAME
com.pritesh.all.in.one.god.goddess.allinoneaarti.R
com.pritesh.all.in.one.god.goddess.allinoneaarti.R$attr
com.pritesh.all.in.one.god.goddess.allinoneaarti.R$integer
com.pritesh.all.in.one.god.goddess.allinoneaarti.Activity.LikeActivity:
    com.google.android.play.core.appupdate.AppUpdateManager appUpdateManager
    java.lang.String lyrics
    int songs
    int postion
    public static final java.lang.String MY_PREFS_NAME
    private static final int MY_REQUEST_CODE
com.pritesh.all.in.one.god.goddess.allinoneaarti.R$style
com.pritesh.all.in.one.god.goddess.allinoneaarti.Utils.InternetConnection:
    public void <init>()
com.pritesh.all.in.one.god.goddess.allinoneaarti.Activity.MainActivity:
    com.google.android.play.core.appupdate.AppUpdateManager appUpdateManager
    public static final java.lang.String MY_PREFS_NAME
    private static final int MY_REQUEST_CODE
com.pritesh.all.in.one.god.goddess.allinoneaarti.R$styleable
com.pritesh.all.in.one.god.goddess.allinoneaarti.R$interpolator
com.pritesh.all.in.one.god.goddess.allinoneaarti.R$id
com.pritesh.all.in.one.god.goddess.allinoneaarti.Player.PlayerAndViewActivity:
    private android.widget.TextView songName
    java.io.File output
    java.lang.String postionList
    public static final java.lang.String MY_PREFS_NAME
    private static final int REQUEST_PERMISSIONS
    public static android.view.MenuItem item
    public static android.view.MenuItem menu_share
com.pritesh.all.in.one.god.goddess.allinoneaarti.R$anim
com.pritesh.all.in.one.god.goddess.allinoneaarti.Activity.HomeActivity:
    public static final java.lang.String MY_PREFS_NAME
    private static final int MY_REQUEST_CODE
    private static final int REQUEST_PERMISSIONS
com.pritesh.all.in.one.god.goddess.allinoneaarti.R$array
com.pritesh.all.in.one.god.goddess.allinoneaarti.R$string
com.pritesh.all.in.one.god.goddess.allinoneaarti.Language.LocaleHelper
com.pritesh.all.in.one.god.goddess.allinoneaarti.R$layout
com.pritesh.all.in.one.god.goddess.allinoneaarti.Player.MediaPlayerService:
    public void replay()
    public boolean isPlaying()
    public void pause()
    public void start()
    public static final java.lang.String INTENT_FILTER
    public static final java.lang.String INTENT_AUDIO_SESSION_ID
com.pritesh.all.in.one.god.goddess.allinoneaarti.R$raw
com.pritesh.all.in.one.god.goddess.allinoneaarti.R$mipmap
com.pritesh.all.in.one.god.goddess.allinoneaarti.R$drawable
com.pritesh.all.in.one.god.goddess.allinoneaarti.R$color
com.pritesh.all.in.one.god.goddess.allinoneaarti.R$dimen
com.pritesh.all.in.one.god.goddess.allinoneaarti.Player.BaseActivity:
    public static final int AUDIO_PERMISSION_REQUEST_CODE
com.pritesh.all.in.one.god.goddess.allinoneaarti.BuildConfig
com.pritesh.all.in.one.god.goddess.allinoneaarti.Utils.Helper
com.pritesh.all.in.one.god.goddess.allinoneaarti.Activity.HomeActivity$5$4:
    public final synthetic com.pritesh.all.in.one.god.goddess.allinoneaarti.Activity.HomeActivity$5 this$1
com.pritesh.all.in.one.god.goddess.allinoneaarti.Player.PlayerAndViewActivity$8:
    public android.graphics.drawable.ColorDrawable background
com.pritesh.all.in.one.god.goddess.allinoneaarti.Player.MediaPlayerService$MediaPlayerServiceBinder:
    public final synthetic com.pritesh.all.in.one.god.goddess.allinoneaarti.Player.MediaPlayerService this$0
...
com.google.android.datatransport.runtime.dagger.internal.SetBuilder
androidx.appcompat.widget.LinearLayoutCompat$OrientationMode
androidx.work.WorkManager:
    public static androidx.work.WorkManager getInstance()
    public final androidx.work.WorkContinuation beginWith(androidx.work.OneTimeWorkRequest)
    public abstract androidx.work.WorkContinuation beginWith(java.util.List)
    public final androidx.work.WorkContinuation beginUniqueWork(java.lang.String,androidx.work.ExistingWorkPolicy,androidx.work.OneTimeWorkRequest)
    public abstract androidx.work.WorkContinuation beginUniqueWork(java.lang.String,androidx.work.ExistingWorkPolicy,java.util.List)
    public androidx.work.Operation enqueueUniqueWork(java.lang.String,androidx.work.ExistingWorkPolicy,androidx.work.OneTimeWorkRequest)
    public abstract androidx.work.Operation enqueueUniqueWork(java.lang.String,androidx.work.ExistingWorkPolicy,java.util.List)
    public abstract androidx.work.Operation enqueueUniquePeriodicWork(java.lang.String,androidx.work.ExistingPeriodicWorkPolicy,androidx.work.PeriodicWorkRequest)
    public abstract androidx.work.Operation cancelWorkById(java.util.UUID)
    public abstract androidx.work.Operation cancelUniqueWork(java.lang.String)
    public abstract androidx.work.Operation cancelAllWork()
    public abstract androidx.work.Operation pruneWork()
    public abstract androidx.lifecycle.LiveData getLastCancelAllTimeMillisLiveData()
    public abstract com.google.common.util.concurrent.ListenableFuture getLastCancelAllTimeMillis()
com.google.firebase.crashlytics.internal.network.HttpRequest:
    private static final int DEFAULT_TIMEOUT_MS
com.google.android.gms.common.api.internal.BaseImplementation$ResultHolder
com.google.android.gms.ads.mediation.MediationConfiguration:
    public com.google.android.gms.ads.AdFormat getFormat()
    public android.os.Bundle getServerParameters()
androidx.viewpager.widget.PagerTabStrip$2
com.google.android.gms.internal.ads.zzaai
androidx.appcompat.widget.ActionMenuPresenter:
    public void setWidthLimit(int,boolean)
    public void setItemLimit(int)
    public boolean isOverflowReserved()
    public android.os.Parcelable onSaveInstanceState()
    public void onRestoreInstanceState(android.os.Parcelable)
    public void onSubUiVisibilityChanged(boolean)
    private static final java.lang.String TAG
com.google.firebase.provider.FirebaseInitProvider:
    private static final java.lang.String TAG
    static final java.lang.String EMPTY_APPLICATION_ID_PROVIDER_AUTHORITY
androidx.constraintlayout.solver.Metrics:
    public void <init>()
    public java.lang.String toString()
    public void reset()
    public long variables
    public long oldresolvedWidgets
    public java.util.ArrayList problematicLayouts
com.google.android.gms.measurement.AppMeasurement$ConditionalUserProperty:
    public void <init>(com.google.android.gms.measurement.AppMeasurement$ConditionalUserProperty)
com.google.android.gms.internal.ads.zzr:
    public void <init>()
com.google.android.gms.common.api.internal.zaq
com.google.firebase.crashlytics.internal.proto.WireFormat$FieldType$4
com.google.android.gms.internal.ads.zzwl
androidx.recyclerview.widget.RecyclerView$ItemAnimator$ItemHolderInfo:
    public int changeFlags
androidx.legacy.coreutils.R$color
com.google.android.play.core.splitinstall.testing.i
com.google.android.datatransport.runtime.dagger.internal.MapFactory
com.google.android.play.core.missingsplits.MissingSplitsManagerFactory